0 info it worked if it ends with ok
1 verbose cli [ '/opt/local/bin/node', '/opt/local/bin/npm', 'install' ]
2 info using npm@1.1.59
3 info using node@v0.8.8
4 verbose read json /Users/stanleyn/Projects/stanleyhlng/node/apps/node-app-examples/simple-databases/package.json
5 warn package.json simple-database@0.0.1 No README.md file found!
6 verbose readDependencies using package.json deps
7 verbose install where, deps [ '/Users/stanleyn/Projects/stanleyhlng/node/apps/node-app-examples/simple-databases',
7 verbose install   [ 'cradle',
7 verbose install     'hiredis',
7 verbose install     'hotnode',
7 verbose install     'mongodb',
7 verbose install     'mongoskin',
7 verbose install     'mysql',
7 verbose install     'redis',
7 verbose install     'ya-csv' ] ]
8 verbose from cache /Users/stanleyn/Projects/stanleyhlng/node/apps/node-app-examples/simple-databases/package.json
9 info preinstall simple-database@0.0.1
10 verbose read json /Users/stanleyn/Projects/stanleyhlng/node/apps/node-app-examples/simple-databases/node_modules/cradle/package.json
11 verbose read json /Users/stanleyn/Projects/stanleyhlng/node/apps/node-app-examples/simple-databases/node_modules/hotnode/package.json
12 verbose read json /Users/stanleyn/Projects/stanleyhlng/node/apps/node-app-examples/simple-databases/node_modules/mongodb/package.json
13 verbose read json /Users/stanleyn/Projects/stanleyhlng/node/apps/node-app-examples/simple-databases/node_modules/mongoskin/package.json
14 verbose read json /Users/stanleyn/Projects/stanleyhlng/node/apps/node-app-examples/simple-databases/node_modules/mysql/package.json
15 verbose read json /Users/stanleyn/Projects/stanleyhlng/node/apps/node-app-examples/simple-databases/node_modules/redis/package.json
16 verbose read json /Users/stanleyn/Projects/stanleyhlng/node/apps/node-app-examples/simple-databases/node_modules/ya-csv/package.json
17 verbose from cache /Users/stanleyn/Projects/stanleyhlng/node/apps/node-app-examples/simple-databases/package.json
18 verbose readDependencies using package.json deps
19 verbose read json /Users/stanleyn/Projects/stanleyhlng/node/apps/node-app-examples/simple-databases/node_modules/.bin/package.json
20 verbose from cache /Users/stanleyn/Projects/stanleyhlng/node/apps/node-app-examples/simple-databases/node_modules/cradle/package.json
21 verbose from cache /Users/stanleyn/Projects/stanleyhlng/node/apps/node-app-examples/simple-databases/node_modules/hotnode/package.json
22 verbose from cache /Users/stanleyn/Projects/stanleyhlng/node/apps/node-app-examples/simple-databases/node_modules/mongodb/package.json
23 verbose from cache /Users/stanleyn/Projects/stanleyhlng/node/apps/node-app-examples/simple-databases/node_modules/mongoskin/package.json
24 verbose from cache /Users/stanleyn/Projects/stanleyhlng/node/apps/node-app-examples/simple-databases/node_modules/mysql/package.json
25 verbose from cache /Users/stanleyn/Projects/stanleyhlng/node/apps/node-app-examples/simple-databases/node_modules/redis/package.json
26 verbose from cache /Users/stanleyn/Projects/stanleyhlng/node/apps/node-app-examples/simple-databases/node_modules/ya-csv/package.json
27 verbose already installed skipping mongodb@1.1.4 /Users/stanleyn/Projects/stanleyhlng/node/apps/node-app-examples/simple-databases
28 verbose already installed skipping mongoskin@0.4.1 /Users/stanleyn/Projects/stanleyhlng/node/apps/node-app-examples/simple-databases
29 verbose already installed skipping mysql@0.9.6 /Users/stanleyn/Projects/stanleyhlng/node/apps/node-app-examples/simple-databases
30 verbose already installed skipping redis@0.7.2 /Users/stanleyn/Projects/stanleyhlng/node/apps/node-app-examples/simple-databases
31 verbose already installed skipping ya-csv@0.9.2 /Users/stanleyn/Projects/stanleyhlng/node/apps/node-app-examples/simple-databases
32 verbose already installed skipping cradle@0.6.3 /Users/stanleyn/Projects/stanleyhlng/node/apps/node-app-examples/simple-databases
33 verbose cache add [ 'hiredis@0.1.14', null ]
34 silly cache add name=undefined spec="hiredis@0.1.14" args=["hiredis@0.1.14",null]
35 verbose parsed url { pathname: 'hiredis@0.1.14',
35 verbose parsed url   path: 'hiredis@0.1.14',
35 verbose parsed url   href: 'hiredis@0.1.14' }
36 silly cache add name="hiredis" spec="0.1.14" args=["hiredis","0.1.14"]
37 verbose parsed url { pathname: '0.1.14', path: '0.1.14', href: '0.1.14' }
38 verbose addNamed [ 'hiredis', '0.1.14' ]
39 verbose addNamed [ '0.1.14', '0.1.14' ]
40 verbose already installed skipping hotnode@0.0.6 /Users/stanleyn/Projects/stanleyhlng/node/apps/node-app-examples/simple-databases
41 silly lockFile e9c5aa12-hiredis-0-1-14 hiredis@0.1.14
42 verbose lock hiredis@0.1.14 /Users/stanleyn/.npm/e9c5aa12-hiredis-0-1-14.lock
43 verbose url raw hiredis/0.1.14
44 verbose url resolving [ 'https://registry.npmjs.org/', './hiredis/0.1.14' ]
45 verbose url resolved https://registry.npmjs.org/hiredis/0.1.14
46 info retry registry request attempt 1 at 10:58:25
47 http GET https://registry.npmjs.org/hiredis/0.1.14
48 http 200 https://registry.npmjs.org/hiredis/0.1.14
49 silly registry.get cb [ 200,
49 silly registry.get   { vary: 'Accept',
49 silly registry.get     server: 'CouchDB/1.2.0 (Erlang OTP/R15B)',
49 silly registry.get     etag: '"BRUV7WGCXPQ3G5T9TH923J1NV"',
49 silly registry.get     date: 'Wed, 29 Aug 2012 02:58:26 GMT',
49 silly registry.get     'content-type': 'application/json',
49 silly registry.get     'content-length': '807' } ]
50 silly lockFile 220c5b7e-s-org-hiredis-hiredis-0-1-14-tgz https://registry.npmjs.org/hiredis/-/hiredis-0.1.14.tgz
51 verbose lock https://registry.npmjs.org/hiredis/-/hiredis-0.1.14.tgz /Users/stanleyn/.npm/220c5b7e-s-org-hiredis-hiredis-0-1-14-tgz.lock
52 verbose addRemoteTarball [ 'https://registry.npmjs.org/hiredis/-/hiredis-0.1.14.tgz',
52 verbose addRemoteTarball   '37a8742dc26c14a7be8cf69549d96781403188b2' ]
53 info retry fetch attempt 1 at 10:58:27
54 verbose fetch to= /var/folders/yl/g059h3cd43j7bwbh2lj24t9m000jpc/T/npm-44058/1346209107291-0.6593613007571548/tmp.tgz
55 http GET https://registry.npmjs.org/hiredis/-/hiredis-0.1.14.tgz
56 http 200 https://registry.npmjs.org/hiredis/-/hiredis-0.1.14.tgz
57 silly shasum updated bytes 40960
58 silly shasum updated bytes 5391
59 info shasum 37a8742dc26c14a7be8cf69549d96781403188b2
59 info shasum /var/folders/yl/g059h3cd43j7bwbh2lj24t9m000jpc/T/npm-44058/1346209107291-0.6593613007571548/tmp.tgz
60 verbose tar unpack /var/folders/yl/g059h3cd43j7bwbh2lj24t9m000jpc/T/npm-44058/1346209107291-0.6593613007571548/tmp.tgz
61 silly lockFile e452b900-07291-0-6593613007571548-package /var/folders/yl/g059h3cd43j7bwbh2lj24t9m000jpc/T/npm-44058/1346209107291-0.6593613007571548/package
62 verbose lock /var/folders/yl/g059h3cd43j7bwbh2lj24t9m000jpc/T/npm-44058/1346209107291-0.6593613007571548/package /Users/stanleyn/.npm/e452b900-07291-0-6593613007571548-package.lock
63 silly gunzTarPerm modes [ '777', '666' ]
64 silly gunzTarPerm extractEntry bench.js
65 silly gunzTarPerm modified mode [ 'bench.js', 420, 438 ]
66 silly gunzTarPerm extractEntry deps/
67 silly gunzTarPerm modified mode [ 'deps/', 493, 511 ]
68 silly gunzTarPerm extractEntry deps/hiredis/
69 silly gunzTarPerm modified mode [ 'deps/hiredis/', 493, 511 ]
70 silly gunzTarPerm extractEntry deps/hiredis/adapters/
71 silly gunzTarPerm modified mode [ 'deps/hiredis/adapters/', 493, 511 ]
72 silly gunzTarPerm extractEntry deps/hiredis/adapters/ae.h
73 silly gunzTarPerm modified mode [ 'deps/hiredis/adapters/ae.h', 420, 438 ]
74 silly gunzTarPerm extractEntry deps/hiredis/adapters/libev.h
75 silly gunzTarPerm modified mode [ 'deps/hiredis/adapters/libev.h', 420, 438 ]
76 silly gunzTarPerm extractEntry deps/hiredis/adapters/libevent.h
77 silly gunzTarPerm modified mode [ 'deps/hiredis/adapters/libevent.h', 420, 438 ]
78 silly gunzTarPerm extractEntry deps/hiredis/async.c
79 silly gunzTarPerm modified mode [ 'deps/hiredis/async.c', 420, 438 ]
80 silly gunzTarPerm extractEntry deps/hiredis/async.h
81 silly gunzTarPerm modified mode [ 'deps/hiredis/async.h', 420, 438 ]
82 silly gunzTarPerm extractEntry deps/hiredis/CHANGELOG.md
83 silly gunzTarPerm modified mode [ 'deps/hiredis/CHANGELOG.md', 420, 438 ]
84 silly gunzTarPerm extractEntry deps/hiredis/COPYING
85 silly gunzTarPerm modified mode [ 'deps/hiredis/COPYING', 420, 438 ]
86 silly gunzTarPerm extractEntry deps/hiredis/dict.c
87 silly gunzTarPerm modified mode [ 'deps/hiredis/dict.c', 420, 438 ]
88 silly gunzTarPerm extractEntry deps/hiredis/dict.h
89 silly gunzTarPerm modified mode [ 'deps/hiredis/dict.h', 420, 438 ]
90 silly gunzTarPerm extractEntry deps/hiredis/example-ae.c
91 silly gunzTarPerm modified mode [ 'deps/hiredis/example-ae.c', 420, 438 ]
92 silly gunzTarPerm extractEntry deps/hiredis/example-libev.c
93 silly gunzTarPerm modified mode [ 'deps/hiredis/example-libev.c', 420, 438 ]
94 silly gunzTarPerm extractEntry deps/hiredis/example-libevent.c
95 silly gunzTarPerm modified mode [ 'deps/hiredis/example-libevent.c', 420, 438 ]
96 silly gunzTarPerm extractEntry deps/hiredis/example.c
97 silly gunzTarPerm modified mode [ 'deps/hiredis/example.c', 420, 438 ]
98 silly gunzTarPerm extractEntry deps/hiredis/fmacros.h
99 silly gunzTarPerm modified mode [ 'deps/hiredis/fmacros.h', 420, 438 ]
100 silly gunzTarPerm extractEntry deps/hiredis/hiredis.c
101 silly gunzTarPerm modified mode [ 'deps/hiredis/hiredis.c', 420, 438 ]
102 silly gunzTarPerm extractEntry deps/hiredis/hiredis.h
103 silly gunzTarPerm modified mode [ 'deps/hiredis/hiredis.h', 420, 438 ]
104 silly gunzTarPerm extractEntry deps/hiredis/Makefile
105 silly gunzTarPerm modified mode [ 'deps/hiredis/Makefile', 420, 438 ]
106 silly gunzTarPerm extractEntry deps/hiredis/net.c
107 silly gunzTarPerm modified mode [ 'deps/hiredis/net.c', 420, 438 ]
108 silly gunzTarPerm extractEntry deps/hiredis/net.h
109 silly gunzTarPerm modified mode [ 'deps/hiredis/net.h', 420, 438 ]
110 silly gunzTarPerm extractEntry deps/hiredis/README.md
111 silly gunzTarPerm modified mode [ 'deps/hiredis/README.md', 420, 438 ]
112 silly gunzTarPerm extractEntry deps/hiredis/sds.c
113 silly gunzTarPerm modified mode [ 'deps/hiredis/sds.c', 420, 438 ]
114 silly gunzTarPerm extractEntry deps/hiredis/sds.h
115 silly gunzTarPerm modified mode [ 'deps/hiredis/sds.h', 420, 438 ]
116 silly gunzTarPerm extractEntry deps/hiredis/test.c
117 silly gunzTarPerm modified mode [ 'deps/hiredis/test.c', 420, 438 ]
118 silly gunzTarPerm extractEntry hiredis.cc
119 silly gunzTarPerm modified mode [ 'hiredis.cc', 420, 438 ]
120 silly gunzTarPerm extractEntry hiredis.js
121 silly gunzTarPerm modified mode [ 'hiredis.js', 420, 438 ]
122 silly gunzTarPerm extractEntry Makefile
123 silly gunzTarPerm modified mode [ 'Makefile', 420, 438 ]
124 silly gunzTarPerm extractEntry package.json
125 silly gunzTarPerm modified mode [ 'package.json', 420, 438 ]
126 silly gunzTarPerm extractEntry parser_bench.js
127 silly gunzTarPerm modified mode [ 'parser_bench.js', 420, 438 ]
128 silly gunzTarPerm extractEntry reader.cc
129 silly gunzTarPerm modified mode [ 'reader.cc', 420, 438 ]
130 silly gunzTarPerm extractEntry reader.h
131 silly gunzTarPerm modified mode [ 'reader.h', 420, 438 ]
132 silly gunzTarPerm extractEntry README
133 silly gunzTarPerm modified mode [ 'README', 420, 438 ]
134 silly gunzTarPerm extractEntry test/
135 silly gunzTarPerm modified mode [ 'test/', 493, 511 ]
136 silly gunzTarPerm extractEntry test/reader.js
137 silly gunzTarPerm modified mode [ 'test/reader.js', 420, 438 ]
138 silly gunzTarPerm extractEntry wscript
139 silly gunzTarPerm modified mode [ 'wscript', 420, 438 ]
140 verbose read json /var/folders/yl/g059h3cd43j7bwbh2lj24t9m000jpc/T/npm-44058/1346209107291-0.6593613007571548/package/package.json
141 warn package.json hiredis@0.1.14 No README.md file found!
142 silly lockFile e452b900-07291-0-6593613007571548-package /var/folders/yl/g059h3cd43j7bwbh2lj24t9m000jpc/T/npm-44058/1346209107291-0.6593613007571548/package
143 verbose from cache /var/folders/yl/g059h3cd43j7bwbh2lj24t9m000jpc/T/npm-44058/1346209107291-0.6593613007571548/package/package.json
144 verbose tar pack [ '/Users/stanleyn/.npm/hiredis/0.1.14/package.tgz',
144 verbose tar pack   '/var/folders/yl/g059h3cd43j7bwbh2lj24t9m000jpc/T/npm-44058/1346209107291-0.6593613007571548/package' ]
145 verbose tarball /Users/stanleyn/.npm/hiredis/0.1.14/package.tgz
146 verbose folder /var/folders/yl/g059h3cd43j7bwbh2lj24t9m000jpc/T/npm-44058/1346209107291-0.6593613007571548/package
147 silly lockFile 3449f189-n-npm-hiredis-0-1-14-package-tgz /Users/stanleyn/.npm/hiredis/0.1.14/package.tgz
148 verbose lock /Users/stanleyn/.npm/hiredis/0.1.14/package.tgz /Users/stanleyn/.npm/3449f189-n-npm-hiredis-0-1-14-package-tgz.lock
149 silly lockFile 3449f189-n-npm-hiredis-0-1-14-package-tgz /Users/stanleyn/.npm/hiredis/0.1.14/package.tgz
150 silly lockFile 54e15f4c-nleyn-npm-hiredis-0-1-14-package /Users/stanleyn/.npm/hiredis/0.1.14/package
151 verbose lock /Users/stanleyn/.npm/hiredis/0.1.14/package /Users/stanleyn/.npm/54e15f4c-nleyn-npm-hiredis-0-1-14-package.lock
152 silly lockFile 54e15f4c-nleyn-npm-hiredis-0-1-14-package /Users/stanleyn/.npm/hiredis/0.1.14/package
153 verbose tar unpack /Users/stanleyn/.npm/hiredis/0.1.14/package.tgz
154 silly lockFile 54e15f4c-nleyn-npm-hiredis-0-1-14-package /Users/stanleyn/.npm/hiredis/0.1.14/package
155 verbose lock /Users/stanleyn/.npm/hiredis/0.1.14/package /Users/stanleyn/.npm/54e15f4c-nleyn-npm-hiredis-0-1-14-package.lock
156 silly gunzTarPerm modes [ '777', '666' ]
157 silly gunzTarPerm extractEntry package.json
158 silly gunzTarPerm extractEntry README
159 silly gunzTarPerm extractEntry bench.js
160 silly gunzTarPerm extractEntry hiredis.js
161 silly gunzTarPerm extractEntry parser_bench.js
162 silly gunzTarPerm extractEntry Makefile
163 silly gunzTarPerm extractEntry deps/hiredis/README.md
164 silly gunzTarPerm extractEntry deps/hiredis/example.c
165 silly gunzTarPerm extractEntry deps/hiredis/async.h
166 silly gunzTarPerm extractEntry deps/hiredis/CHANGELOG.md
167 silly gunzTarPerm extractEntry deps/hiredis/COPYING
168 silly gunzTarPerm extractEntry deps/hiredis/dict.c
169 silly gunzTarPerm extractEntry deps/hiredis/dict.h
170 silly gunzTarPerm extractEntry deps/hiredis/example-ae.c
171 silly gunzTarPerm extractEntry deps/hiredis/example-libev.c
172 silly gunzTarPerm extractEntry deps/hiredis/example-libevent.c
173 silly gunzTarPerm extractEntry deps/hiredis/async.c
174 silly gunzTarPerm extractEntry deps/hiredis/fmacros.h
175 silly gunzTarPerm extractEntry deps/hiredis/hiredis.c
176 silly gunzTarPerm extractEntry deps/hiredis/hiredis.h
177 silly gunzTarPerm extractEntry deps/hiredis/Makefile
178 silly gunzTarPerm extractEntry deps/hiredis/net.c
179 silly gunzTarPerm extractEntry deps/hiredis/net.h
180 silly gunzTarPerm extractEntry deps/hiredis/adapters/ae.h
181 silly gunzTarPerm extractEntry deps/hiredis/adapters/libev.h
182 silly gunzTarPerm extractEntry deps/hiredis/adapters/libevent.h
183 silly gunzTarPerm extractEntry deps/hiredis/sds.c
184 silly gunzTarPerm extractEntry deps/hiredis/sds.h
185 silly gunzTarPerm extractEntry deps/hiredis/test.c
186 silly gunzTarPerm extractEntry reader.cc
187 silly gunzTarPerm extractEntry reader.h
188 silly gunzTarPerm extractEntry hiredis.cc
189 silly gunzTarPerm extractEntry test/reader.js
190 silly gunzTarPerm extractEntry wscript
191 verbose read json /Users/stanleyn/.npm/hiredis/0.1.14/package/package.json
192 silly lockFile 54e15f4c-nleyn-npm-hiredis-0-1-14-package /Users/stanleyn/.npm/hiredis/0.1.14/package
193 silly shasum updated bytes 40960
194 silly shasum updated bytes 5346
195 info shasum 0041a10b04cc14204fdbbc9cb200cfb6f99363bc
195 info shasum /Users/stanleyn/.npm/hiredis/0.1.14/package.tgz
196 verbose from cache /Users/stanleyn/.npm/hiredis/0.1.14/package/package.json
197 verbose chmod /Users/stanleyn/.npm/hiredis/0.1.14/package.tgz 666
198 verbose chown /Users/stanleyn/.npm/hiredis/0.1.14/package.tgz [ 18124, 20 ]
199 silly lockFile 220c5b7e-s-org-hiredis-hiredis-0-1-14-tgz https://registry.npmjs.org/hiredis/-/hiredis-0.1.14.tgz
200 silly lockFile e9c5aa12-hiredis-0-1-14 hiredis@0.1.14
201 silly resolved [ { name: 'hiredis',
201 silly resolved     description: 'Wrapper for reply processing code in hiredis',
201 silly resolved     version: '0.1.14',
201 silly resolved     homepage: 'http://github.com/pietern/hiredis-node',
201 silly resolved     author: { name: 'Pieter Noordhuis', email: 'pcnoordhuis@gmail.com' },
201 silly resolved     main: 'hiredis',
201 silly resolved     directories: { lib: '.' },
201 silly resolved     scripts: { preinstall: 'make || gmake', test: 'node test/reader.js' },
201 silly resolved     engines: { node: '*' },
201 silly resolved     readme: 'ERROR: No README.md file found!',
201 silly resolved     _id: 'hiredis@0.1.14',
201 silly resolved     dist: { shasum: '0041a10b04cc14204fdbbc9cb200cfb6f99363bc' },
201 silly resolved     _from: 'hiredis@0.1.14' } ]
202 info install hiredis@0.1.14 into /Users/stanleyn/Projects/stanleyhlng/node/apps/node-app-examples/simple-databases
203 info installOne hiredis@0.1.14
204 verbose from cache /Users/stanleyn/.npm/hiredis/0.1.14/package/package.json
205 info /Users/stanleyn/Projects/stanleyhlng/node/apps/node-app-examples/simple-databases/node_modules/hiredis unbuild
206 verbose read json /Users/stanleyn/Projects/stanleyhlng/node/apps/node-app-examples/simple-databases/node_modules/hiredis/package.json
207 verbose tar unpack /Users/stanleyn/.npm/hiredis/0.1.14/package.tgz
208 silly lockFile b6bab9c5-e-databases-node-modules-hiredis /Users/stanleyn/Projects/stanleyhlng/node/apps/node-app-examples/simple-databases/node_modules/hiredis
209 verbose lock /Users/stanleyn/Projects/stanleyhlng/node/apps/node-app-examples/simple-databases/node_modules/hiredis /Users/stanleyn/.npm/b6bab9c5-e-databases-node-modules-hiredis.lock
210 silly gunzTarPerm modes [ '777', '666' ]
211 silly gunzTarPerm extractEntry package.json
212 silly gunzTarPerm extractEntry README
213 silly gunzTarPerm extractEntry bench.js
214 silly gunzTarPerm extractEntry hiredis.js
215 silly gunzTarPerm extractEntry parser_bench.js
216 silly gunzTarPerm extractEntry Makefile
217 silly gunzTarPerm extractEntry deps/hiredis/README.md
218 silly gunzTarPerm extractEntry deps/hiredis/example.c
219 silly gunzTarPerm extractEntry deps/hiredis/async.h
220 silly gunzTarPerm extractEntry deps/hiredis/CHANGELOG.md
221 silly gunzTarPerm extractEntry deps/hiredis/COPYING
222 silly gunzTarPerm extractEntry deps/hiredis/dict.c
223 silly gunzTarPerm extractEntry deps/hiredis/dict.h
224 silly gunzTarPerm extractEntry deps/hiredis/example-ae.c
225 silly gunzTarPerm extractEntry deps/hiredis/example-libev.c
226 silly gunzTarPerm extractEntry deps/hiredis/example-libevent.c
227 silly gunzTarPerm extractEntry deps/hiredis/async.c
228 silly gunzTarPerm extractEntry deps/hiredis/fmacros.h
229 silly gunzTarPerm extractEntry deps/hiredis/hiredis.c
230 silly gunzTarPerm extractEntry deps/hiredis/hiredis.h
231 silly gunzTarPerm extractEntry deps/hiredis/Makefile
232 silly gunzTarPerm extractEntry deps/hiredis/net.c
233 silly gunzTarPerm extractEntry deps/hiredis/net.h
234 silly gunzTarPerm extractEntry deps/hiredis/adapters/ae.h
235 silly gunzTarPerm extractEntry deps/hiredis/adapters/libev.h
236 silly gunzTarPerm extractEntry deps/hiredis/adapters/libevent.h
237 silly gunzTarPerm extractEntry deps/hiredis/sds.c
238 silly gunzTarPerm extractEntry deps/hiredis/sds.h
239 silly gunzTarPerm extractEntry deps/hiredis/test.c
240 silly gunzTarPerm extractEntry reader.cc
241 silly gunzTarPerm extractEntry reader.h
242 silly gunzTarPerm extractEntry hiredis.cc
243 silly gunzTarPerm extractEntry test/reader.js
244 silly gunzTarPerm extractEntry wscript
245 verbose read json /Users/stanleyn/Projects/stanleyhlng/node/apps/node-app-examples/simple-databases/node_modules/hiredis/package.json
246 silly lockFile b6bab9c5-e-databases-node-modules-hiredis /Users/stanleyn/Projects/stanleyhlng/node/apps/node-app-examples/simple-databases/node_modules/hiredis
247 info preinstall hiredis@0.1.14
248 verbose unsafe-perm in lifecycle true
249 silly exec sh "-c" "make || gmake"
250 silly sh,-c,make || gmake,/Users/stanleyn/Projects/stanleyhlng/node/apps/node-app-examples/simple-databases/node_modules/hiredis spawning
251 info hiredis@0.1.14 Failed to exec preinstall script
252 info /Users/stanleyn/Projects/stanleyhlng/node/apps/node-app-examples/simple-databases/node_modules/hiredis unbuild
253 verbose from cache /Users/stanleyn/Projects/stanleyhlng/node/apps/node-app-examples/simple-databases/node_modules/hiredis/package.json
254 info preuninstall hiredis@0.1.14
255 info uninstall hiredis@0.1.14
256 verbose true,/Users/stanleyn/Projects/stanleyhlng/node/apps/node-app-examples/simple-databases/node_modules,/Users/stanleyn/Projects/stanleyhlng/node/apps/node-app-examples/simple-databases/node_modules unbuild hiredis@0.1.14
257 info postuninstall hiredis@0.1.14
258 error hiredis@0.1.14 preinstall: `make || gmake`
258 error `sh "-c" "make || gmake"` failed with 127
259 error Failed at the hiredis@0.1.14 preinstall script.
259 error This is most likely a problem with the hiredis package,
259 error not with npm itself.
259 error Tell the author that this fails on your system:
259 error     make || gmake
259 error You can get their info via:
259 error     npm owner ls hiredis
259 error There is likely additional logging output above.
260 error System Darwin 11.4.0
261 error command "/opt/local/bin/node" "/opt/local/bin/npm" "install"
262 error cwd /Users/stanleyn/Projects/stanleyhlng/node/apps/node-app-examples/simple-databases
263 error node -v v0.8.8
264 error npm -v 1.1.59
265 error code ELIFECYCLE
266 verbose exit [ 1, true ]
